This file contains any messages produced by compilers while
running configure, to aid debugging if configure makes a mistake.

It was created by lpcnet configure 0.1-5-g3a7ef33, which was
generated by GNU Autoconf 2.69.  Invocation command line was

  $ ./configure 

## --------- ##
## Platform. ##
## --------- ##

hostname = kdf-SYS-7048GR-TR
uname -m = x86_64
uname -r = 4.15.0-72-generic
uname -s = Linux
uname -v = #81~16.04.1-Ubuntu SMP Tue Nov 26 16:34:21 UTC 2019

/usr/bin/uname -p = unknown
/bin/uname -X     = unknown

/bin/arch              = unknown
/usr/bin/arch -k       = unknown
/usr/convex/getsysinfo = unknown
/usr/bin/hostinfo      = unknown
/bin/machine           = unknown
/usr/bin/oslevel       = unknown
/bin/universe          = unknown

PATH: /home/student/bin
PATH: /home/student/.local/bin
PATH: /usr/local/cuda-9.0/bin
PATH: /home/student/jyk/anaconda2/bin
PATH: /home/student/jyk/anaconda3/bin
PATH: /usr/local/sbin
PATH: /usr/local/bin
PATH: /usr/sbin
PATH: /usr/bin
PATH: /sbin
PATH: /bin
PATH: /usr/games
PATH: /usr/local/games
PATH: /snap/bin


## ----------- ##
## Core tests. ##
## ----------- ##

configure:2332: checking for gcc
configure:2348: found /usr/bin/gcc
configure:2359: result: gcc
configure:2588: checking for C compiler version
configure:2597: gcc --version >&5
gcc (Ubuntu 5.4.0-6ubuntu1~16.04.12) 5.4.0 20160609
Copyright (C) 2015 Free Software Foundation, Inc.
This is free software; see the source for copying conditions.  There is NO
warranty; not even for MERCHANTABILITY or FITNESS FOR A PARTICULAR PURPOSE.

configure:2608: $? = 0
configure:2597: gcc -v >&5
Using built-in specs.
COLLECT_GCC=gcc
COLLECT_LTO_WRAPPER=/usr/lib/gcc/x86_64-linux-gnu/5/lto-wrapper
Target: x86_64-linux-gnu
Configured with: ../src/configure -v --with-pkgversion='Ubuntu 5.4.0-6ubuntu1~16.04.12' --with-bugurl=file:///usr/share/doc/gcc-5/README.Bugs --enable-languages=c,ada,c++,java,go,d,fortran,objc,obj-c++ --prefix=/usr --program-suffix=-5 --enable-shared --enable-linker-build-id --libexecdir=/usr/lib --without-included-gettext --enable-threads=posix --libdir=/usr/lib --enable-nls --with-sysroot=/ --enable-clocale=gnu --enable-libstdcxx-debug --enable-libstdcxx-time=yes --with-default-libstdcxx-abi=new --enable-gnu-unique-object --disable-vtable-verify --enable-libmpx --enable-plugin --with-system-zlib --disable-browser-plugin --enable-java-awt=gtk --enable-gtk-cairo --with-java-home=/usr/lib/jvm/java-1.5.0-gcj-5-amd64/jre --enable-java-home --with-jvm-root-dir=/usr/lib/jvm/java-1.5.0-gcj-5-amd64 --with-jvm-jar-dir=/usr/lib/jvm-exports/java-1.5.0-gcj-5-amd64 --with-arch-directory=amd64 --with-ecj-jar=/usr/share/java/eclipse-ecj.jar --enable-objc-gc --enable-multiarch --disable-werror --with-arch-32=i686 --with-abi=m64 --with-multilib-list=m32,m64,mx32 --enable-multilib --with-tune=generic --enable-checking=release --build=x86_64-linux-gnu --host=x86_64-linux-gnu --target=x86_64-linux-gnu
Thread model: posix
gcc version 5.4.0 20160609 (Ubuntu 5.4.0-6ubuntu1~16.04.12) 
configure:2608: $? = 0
configure:2597: gcc -V >&5
gcc: error: unrecognized command line option '-V'
gcc: fatal error: no input files
compilation terminated.
configure:2608: $? = 1
configure:2597: gcc -qversion >&5
gcc: error: unrecognized command line option '-qversion'
gcc: fatal error: no input files
compilation terminated.
configure:2608: $? = 1
configure:2628: checking whether the C compiler works
configure:2650: gcc -O3 -g -mavx2 -mfma   conftest.c  >&5
configure:2654: $? = 0
configure:2702: result: yes
configure:2705: checking for C compiler default output file name
configure:2707: result: a.out
configure:2713: checking for suffix of executables
configure:2720: gcc -o conftest -O3 -g -mavx2 -mfma   conftest.c  >&5
configure:2724: $? = 0
configure:2746: result: 
configure:2768: checking whether we are cross compiling
configure:2776: gcc -o conftest -O3 -g -mavx2 -mfma   conftest.c  >&5
configure:2780: $? = 0
configure:2787: ./conftest
configure:2791: $? = 0
configure:2806: result: no
configure:2811: checking for suffix of object files
configure:2833: gcc -c -O3 -g -mavx2 -mfma  conftest.c >&5
configure:2837: $? = 0
configure:2858: result: o
configure:2862: checking whether we are using the GNU C compiler
configure:2881: gcc -c -O3 -g -mavx2 -mfma  conftest.c >&5
configure:2881: $? = 0
configure:2890: result: yes
configure:2899: checking whether gcc accepts -g
configure:2919: gcc -c -g  conftest.c >&5
configure:2919: $? = 0
configure:2960: result: yes
configure:2977: checking for gcc option to accept ISO C89
configure:3040: gcc  -c -O3 -g -mavx2 -mfma  conftest.c >&5
configure:3040: $? = 0
configure:3053: result: none needed
configure:3078: checking whether gcc understands -c and -o together
configure:3100: gcc -c conftest.c -o conftest2.o
configure:3103: $? = 0
configure:3100: gcc -c conftest.c -o conftest2.o
configure:3103: $? = 0
configure:3115: result: yes
configure:3138: checking how to run the C preprocessor
configure:3169: gcc -E  conftest.c
configure:3169: $? = 0
configure:3183: gcc -E  conftest.c
conftest.c:9:28: fatal error: ac_nonexistent.h: No such file or directory
compilation terminated.
configure:3183: $? = 1
configure: failed program was:
| /* confdefs.h */
| #define PACKAGE_NAME "lpcnet"
| #define PACKAGE_TARNAME "lpcnet"
| #define PACKAGE_VERSION "0.1-5-g3a7ef33"
| #define PACKAGE_STRING "lpcnet 0.1-5-g3a7ef33"
| #define PACKAGE_BUGREPORT "jmvalin@jmvalin.ca"
| #define PACKAGE_URL ""
| /* end confdefs.h.  */
| #include <ac_nonexistent.h>
configure:3208: result: gcc -E
configure:3228: gcc -E  conftest.c
configure:3228: $? = 0
configure:3242: gcc -E  conftest.c
conftest.c:9:28: fatal error: ac_nonexistent.h: No such file or directory
compilation terminated.
configure:3242: $? = 1
configure: failed program was:
| /* confdefs.h */
| #define PACKAGE_NAME "lpcnet"
| #define PACKAGE_TARNAME "lpcnet"
| #define PACKAGE_VERSION "0.1-5-g3a7ef33"
| #define PACKAGE_STRING "lpcnet 0.1-5-g3a7ef33"
| #define PACKAGE_BUGREPORT "jmvalin@jmvalin.ca"
| #define PACKAGE_URL ""
| /* end confdefs.h.  */
| #include <ac_nonexistent.h>
configure:3271: checking for grep that handles long lines and -e
configure:3329: result: /bin/grep
configure:3334: checking for egrep
configure:3396: result: /bin/grep -E
configure:3401: checking for ANSI C header files
configure:3421: gcc -c -O3 -g -mavx2 -mfma  conftest.c >&5
configure:3421: $? = 0
configure:3494: gcc -o conftest -O3 -g -mavx2 -mfma   conftest.c  >&5
configure:3494: $? = 0
configure:3494: ./conftest
configure:3494: $? = 0
configure:3505: result: yes
configure:3518: checking for sys/types.h
configure:3518: gcc -c -O3 -g -mavx2 -mfma  conftest.c >&5
configure:3518: $? = 0
configure:3518: result: yes
configure:3518: checking for sys/stat.h
configure:3518: gcc -c -O3 -g -mavx2 -mfma  conftest.c >&5
configure:3518: $? = 0
configure:3518: result: yes
configure:3518: checking for stdlib.h
configure:3518: gcc -c -O3 -g -mavx2 -mfma  conftest.c >&5
configure:3518: $? = 0
configure:3518: result: yes
configure:3518: checking for string.h
configure:3518: gcc -c -O3 -g -mavx2 -mfma  conftest.c >&5
configure:3518: $? = 0
configure:3518: result: yes
configure:3518: checking for memory.h
configure:3518: gcc -c -O3 -g -mavx2 -mfma  conftest.c >&5
configure:3518: $? = 0
configure:3518: result: yes
configure:3518: checking for strings.h
configure:3518: gcc -c -O3 -g -mavx2 -mfma  conftest.c >&5
configure:3518: $? = 0
configure:3518: result: yes
configure:3518: checking for inttypes.h
configure:3518: gcc -c -O3 -g -mavx2 -mfma  conftest.c >&5
configure:3518: $? = 0
configure:3518: result: yes
configure:3518: checking for stdint.h
configure:3518: gcc -c -O3 -g -mavx2 -mfma  conftest.c >&5
configure:3518: $? = 0
configure:3518: result: yes
configure:3518: checking for unistd.h
configure:3518: gcc -c -O3 -g -mavx2 -mfma  conftest.c >&5
configure:3518: $? = 0
configure:3518: result: yes
configure:3531: checking minix/config.h usability
configure:3531: gcc -c -O3 -g -mavx2 -mfma  conftest.c >&5
conftest.c:52:26: fatal error: minix/config.h: No such file or directory
compilation terminated.
configure:3531: $? = 1
configure: failed program was:
| /* confdefs.h */
| #define PACKAGE_NAME "lpcnet"
| #define PACKAGE_TARNAME "lpcnet"
| #define PACKAGE_VERSION "0.1-5-g3a7ef33"
| #define PACKAGE_STRING "lpcnet 0.1-5-g3a7ef33"
| #define PACKAGE_BUGREPORT "jmvalin@jmvalin.ca"
| #define PACKAGE_URL ""
| #define STDC_HEADERS 1
| #define HAVE_SYS_TYPES_H 1
| #define HAVE_SYS_STAT_H 1
| #define HAVE_STDLIB_H 1
| #define HAVE_STRING_H 1
| #define HAVE_MEMORY_H 1
| #define HAVE_STRINGS_H 1
| #define HAVE_INTTYPES_H 1
| #define HAVE_STDINT_H 1
| #define HAVE_UNISTD_H 1
| /* end confdefs.h.  */
| #include <stdio.h>
| #ifdef HAVE_SYS_TYPES_H
| # include <sys/types.h>
| #endif
| #ifdef HAVE_SYS_STAT_H
| # include <sys/stat.h>
| #endif
| #ifdef STDC_HEADERS
| # include <stdlib.h>
| # include <stddef.h>
| #else
| # ifdef HAVE_STDLIB_H
| #  include <stdlib.h>
| # endif
| #endif
| #ifdef HAVE_STRING_H
| # if !defined STDC_HEADERS && defined HAVE_MEMORY_H
| #  include <memory.h>
| # endif
| # include <string.h>
| #endif
| #ifdef HAVE_STRINGS_H
| # include <strings.h>
| #endif
| #ifdef HAVE_INTTYPES_H
| # include <inttypes.h>
| #endif
| #ifdef HAVE_STDINT_H
| # include <stdint.h>
| #endif
| #ifdef HAVE_UNISTD_H
| # include <unistd.h>
| #endif
| #include <minix/config.h>
configure:3531: result: no
configure:3531: checking minix/config.h presence
configure:3531: gcc -E  conftest.c
conftest.c:19:26: fatal error: minix/config.h: No such file or directory
compilation terminated.
configure:3531: $? = 1
configure: failed program was:
| /* confdefs.h */
| #define PACKAGE_NAME "lpcnet"
| #define PACKAGE_TARNAME "lpcnet"
| #define PACKAGE_VERSION "0.1-5-g3a7ef33"
| #define PACKAGE_STRING "lpcnet 0.1-5-g3a7ef33"
| #define PACKAGE_BUGREPORT "jmvalin@jmvalin.ca"
| #define PACKAGE_URL ""
| #define STDC_HEADERS 1
| #define HAVE_SYS_TYPES_H 1
| #define HAVE_SYS_STAT_H 1
| #define HAVE_STDLIB_H 1
| #define HAVE_STRING_H 1
| #define HAVE_MEMORY_H 1
| #define HAVE_STRINGS_H 1
| #define HAVE_INTTYPES_H 1
| #define HAVE_STDINT_H 1
| #define HAVE_UNISTD_H 1
| /* end confdefs.h.  */
| #include <minix/config.h>
configure:3531: result: no
configure:3531: checking for minix/config.h
configure:3531: result: no
configure:3552: checking whether it is safe to define __EXTENSIONS__
configure:3570: gcc -c -O3 -g -mavx2 -mfma  conftest.c >&5
configure:3570: $? = 0
configure:3577: result: yes
configure:3598: checking for special C compiler options needed for large files
configure:3643: result: no
configure:3649: checking for _FILE_OFFSET_BITS value needed for large files
configure:3674: gcc -c -O3 -g -mavx2 -mfma  conftest.c >&5
configure:3674: $? = 0
configure:3706: result: no
configure:3808: checking for a BSD-compatible install
configure:3876: result: /usr/bin/install -c
configure:3887: checking whether build environment is sane
configure:3942: result: yes
configure:4090: checking for a thread-safe mkdir -p
configure:4129: result: /bin/mkdir -p
configure:4136: checking for gawk
configure:4152: found /usr/local/bin/gawk
configure:4163: result: gawk
configure:4174: checking whether make sets $(MAKE)
configure:4196: result: yes
configure:4226: checking for style of include used by make
configure:4254: result: GNU
configure:4288: checking whether make supports nested variables
configure:4305: result: yes
configure:4381: checking dependency style of gcc
configure:4492: result: gcc3
configure:4551: checking whether to enable maintainer-specific portions of Makefiles
configure:4560: result: yes
configure:4574: checking for inline
configure:4590: gcc -c -O3 -g -mavx2 -mfma  conftest.c >&5
configure:4590: $? = 0
configure:4598: result: inline
configure:4646: checking build system type
configure:4660: result: x86_64-pc-linux-gnu
configure:4680: checking host system type
configure:4693: result: x86_64-pc-linux-gnu
configure:4734: checking how to print strings
configure:4761: result: printf
configure:4782: checking for a sed that does not truncate output
configure:4846: result: /bin/sed
configure:4864: checking for fgrep
configure:4926: result: /bin/grep -F
configure:4961: checking for ld used by gcc
configure:5028: result: /usr/bin/ld
configure:5035: checking if the linker (/usr/bin/ld) is GNU ld
configure:5050: result: yes
configure:5062: checking for BSD- or MS-compatible name lister (nm)
configure:5116: result: /usr/bin/nm -B
configure:5246: checking the name lister (/usr/bin/nm -B) interface
configure:5253: gcc -c -O3 -g -mavx2 -mfma  conftest.c >&5
configure:5256: /usr/bin/nm -B "conftest.o"
configure:5259: output
0000000000000000 B some_variable
configure:5266: result: BSD nm
configure:5269: checking whether ln -s works
configure:5273: result: yes
configure:5281: checking the maximum length of command line arguments
configure:5412: result: 1572864
configure:5460: checking how to convert x86_64-pc-linux-gnu file names to x86_64-pc-linux-gnu format
configure:5500: result: func_convert_file_noop
configure:5507: checking how to convert x86_64-pc-linux-gnu file names to toolchain format
configure:5527: result: func_convert_file_noop
configure:5534: checking for /usr/bin/ld option to reload object files
configure:5541: result: -r
configure:5615: checking for objdump
configure:5631: found /usr/bin/objdump
configure:5642: result: objdump
configure:5674: checking how to recognize dependent libraries
configure:5874: result: pass_all
configure:5959: checking for dlltool
configure:5989: result: no
configure:6019: checking how to associate runtime and link libraries
configure:6046: result: printf %s\n
configure:6106: checking for ar
configure:6122: found /usr/bin/ar
configure:6133: result: ar
configure:6170: checking for archiver @FILE support
configure:6187: gcc -c -O3 -g -mavx2 -mfma  conftest.c >&5
configure:6187: $? = 0
configure:6190: ar cru libconftest.a @conftest.lst >&5
ar: `u' modifier ignored since `D' is the default (see `U')
configure:6193: $? = 0
configure:6198: ar cru libconftest.a @conftest.lst >&5
ar: `u' modifier ignored since `D' is the default (see `U')
ar: conftest.o: No such file or directory
configure:6201: $? = 1
configure:6213: result: @
configure:6271: checking for strip
configure:6287: found /usr/bin/strip
configure:6298: result: strip
configure:6370: checking for ranlib
configure:6386: found /usr/bin/ranlib
configure:6397: result: ranlib
configure:6499: checking command to parse /usr/bin/nm -B output from gcc object
configure:6652: gcc -c -O3 -g -mavx2 -mfma  conftest.c >&5
configure:6655: $? = 0
configure:6659: /usr/bin/nm -B conftest.o \| sed -n -e 's/^.*[ ]\([ABCDGIRSTW][ABCDGIRSTW]*\)[ ][ ]*\([_A-Za-z][_A-Za-z0-9]*\)$/\1 \2 \2/p' | sed '/ __gnu_lto/d' \> conftest.nm
configure:6662: $? = 0
configure:6728: gcc -o conftest -O3 -g -mavx2 -mfma   conftest.c conftstm.o >&5
configure:6731: $? = 0
configure:6769: result: ok
configure:6816: checking for sysroot
configure:6846: result: no
configure:6853: checking for a working dd
configure:6891: result: /bin/dd
configure:6895: checking how to truncate binary pipes
configure:6910: result: /bin/dd bs=4096 count=1
configure:7046: gcc -c -O3 -g -mavx2 -mfma  conftest.c >&5
configure:7049: $? = 0
configure:7239: checking for mt
configure:7255: found /bin/mt
configure:7266: result: mt
configure:7289: checking if mt is a manifest tool
configure:7295: mt '-?'
configure:7303: result: no
configure:7977: checking for dlfcn.h
configure:7977: gcc -c -O3 -g -mavx2 -mfma  conftest.c >&5
configure:7977: $? = 0
configure:7977: result: yes
configure:8233: checking for objdir
configure:8248: result: .libs
configure:8512: checking if gcc supports -fno-rtti -fno-exceptions
configure:8530: gcc -c -O3 -g -mavx2 -mfma  -fno-rtti -fno-exceptions conftest.c >&5
cc1: warning: command line option '-fno-rtti' is valid for C++/ObjC++ but not for C
configure:8534: $? = 0
configure:8547: result: no
configure:8905: checking for gcc option to produce PIC
configure:8912: result: -fPIC -DPIC
configure:8920: checking if gcc PIC flag -fPIC -DPIC works
configure:8938: gcc -c -O3 -g -mavx2 -mfma  -fPIC -DPIC -DPIC conftest.c >&5
configure:8942: $? = 0
configure:8955: result: yes
configure:8984: checking if gcc static flag -static works
configure:9012: result: yes
configure:9027: checking if gcc supports -c -o file.o
configure:9048: gcc -c -O3 -g -mavx2 -mfma  -o out/conftest2.o conftest.c >&5
configure:9052: $? = 0
configure:9074: result: yes
configure:9082: checking if gcc supports -c -o file.o
configure:9129: result: yes
configure:9162: checking whether the gcc linker (/usr/bin/ld -m elf_x86_64) supports shared libraries
configure:10421: result: yes
configure:10458: checking whether -lc should be explicitly linked in
configure:10466: gcc -c -O3 -g -mavx2 -mfma  conftest.c >&5
configure:10469: $? = 0
configure:10484: gcc -shared  -fPIC -DPIC conftest.o  -v -Wl,-soname -Wl,conftest -o conftest 2\>\&1 \| /bin/grep  -lc  \>/dev/null 2\>\&1
configure:10487: $? = 0
configure:10501: result: no
configure:10661: checking dynamic linker characteristics
configure:11242: gcc -o conftest -O3 -g -mavx2 -mfma   -Wl,-rpath -Wl,/foo conftest.c  >&5
configure:11242: $? = 0
configure:11479: result: GNU/Linux ld.so
configure:11601: checking how to hardcode library paths into programs
configure:11626: result: immediate
configure:12174: checking whether stripping libraries is possible
configure:12179: result: yes
configure:12214: checking if libtool supports shared libraries
configure:12216: result: yes
configure:12219: checking whether to build shared libraries
configure:12244: result: yes
configure:12247: checking whether to build static libraries
configure:12251: result: yes
configure:12300: checking whether make supports nested variables
configure:12317: result: yes
configure:12345: checking if gcc supports -pedantic flag
configure:12360: gcc -o conftest -O3 -g -mavx2 -mfma -pedantic   conftest.c  >&5
configure:12360: $? = 0
configure:12378: result: yes
configure:12345: checking if gcc supports -Wall flag
configure:12360: gcc -o conftest -O3 -g -mavx2 -mfma -pedantic -Wall   conftest.c  >&5
configure:12360: $? = 0
configure:12378: result: yes
configure:12345: checking if gcc supports -Wextra flag
configure:12360: gcc -o conftest -O3 -g -mavx2 -mfma -pedantic -Wall -Wextra   conftest.c  >&5
configure:12360: $? = 0
configure:12378: result: yes
configure:12345: checking if gcc supports -Wno-sign-compare flag
configure:12360: gcc -o conftest -O3 -g -mavx2 -mfma -pedantic -Wall -Wextra -Wno-sign-compare   conftest.c  >&5
configure:12360: $? = 0
configure:12378: result: yes
configure:12345: checking if gcc supports -Wno-parentheses flag
configure:12360: gcc -o conftest -O3 -g -mavx2 -mfma -pedantic -Wall -Wextra -Wno-sign-compare -Wno-parentheses   conftest.c  >&5
configure:12360: $? = 0
configure:12378: result: yes
configure:12345: checking if gcc supports -Wno-long-long flag
configure:12360: gcc -o conftest -O3 -g -mavx2 -mfma -pedantic -Wall -Wextra -Wno-sign-compare -Wno-parentheses -Wno-long-long   conftest.c  >&5
configure:12360: $? = 0
configure:12378: result: yes
configure:12571: checking for cos in -lm
configure:12596: gcc -o conftest -O3 -g -mavx2 -mfma -pedantic -Wall -Wextra -Wno-sign-compare -Wno-parentheses -Wno-long-long   conftest.c -lm   >&5
conftest.c:34:6: warning: conflicting types for built-in function 'cos'
 char cos ();
      ^
configure:12596: $? = 0
configure:12605: result: yes
configure:12619: checking for gcc way to treat warnings as errors
configure:12634: gcc -o conftest -O3 -g -mavx2 -mfma -pedantic -Wall -Wextra -Wno-sign-compare -Wno-parentheses -Wno-long-long -Werror   conftest.c  >&5
configure:12634: $? = 0
configure:12679: result: -Werror
configure:12685: checking if gcc supports __attribute__(( visibility("default") ))
configure:12696: gcc -c -O3 -g -mavx2 -mfma -pedantic -Wall -Wextra -Wno-sign-compare -Wno-parentheses -Wno-long-long -Werror  conftest.c >&5
configure:12696: $? = 0
configure:12705: result: yes
configure:12715: checking if gcc supports -fvisibility=hidden
configure:12732: gcc -o conftest -O3 -g -mavx2 -mfma -pedantic -Wall -Wextra -Wno-sign-compare -Wno-parentheses -Wno-long-long -Werror -fvisibility=hidden   conftest.c  >&5
configure:12732: $? = 0
configure:12752: result: yes
configure:12780: checking for doxygen
configure:12808: result: no
configure:12818: checking for dot
configure:12834: found /usr/bin/dot
configure:12846: result: yes
configure:12983: checking that generated files are newer than configure
configure:12989: result: done
configure:13024: creating ./config.status

## ---------------------- ##
## Running config.status. ##
## ---------------------- ##

This file was extended by lpcnet config.status 0.1-5-g3a7ef33, which was
generated by GNU Autoconf 2.69.  Invocation command line was

  CONFIG_FILES    = 
  CONFIG_HEADERS  = 
  CONFIG_LINKS    = 
  CONFIG_COMMANDS = 
  $ ./config.status 

on kdf-SYS-7048GR-TR

config.status:1107: creating Makefile
config.status:1107: creating lpcnet.pc
config.status:1107: creating lpcnet-uninstalled.pc
config.status:1107: creating doc/Doxyfile
config.status:1107: creating config.h
config.status:1336: executing depfiles commands
config.status:1336: executing libtool commands
configure:15181:
------------------------------------------------------------------------
  lpcnet 0.1-5-g3a7ef33: Automatic configuration OK.

    Assertions ................... no

    Hidden visibility ............ yes

    API documentation ............ yes
------------------------------------------------------------------------


## ---------------- ##
## Cache variables. ##
## ---------------- ##

ac_cv_build=x86_64-pc-linux-gnu
ac_cv_c_compiler_gnu=yes
ac_cv_c_inline=inline
ac_cv_env_CC_set=
ac_cv_env_CC_value=
ac_cv_env_CFLAGS_set=set
ac_cv_env_CFLAGS_value='-O3 -g -mavx2 -mfma'
ac_cv_env_CPPFLAGS_set=
ac_cv_env_CPPFLAGS_value=
ac_cv_env_CPP_set=
ac_cv_env_CPP_value=
ac_cv_env_LDFLAGS_set=
ac_cv_env_LDFLAGS_value=
ac_cv_env_LIBS_set=
ac_cv_env_LIBS_value=
ac_cv_env_LT_SYS_LIBRARY_PATH_set=
ac_cv_env_LT_SYS_LIBRARY_PATH_value=
ac_cv_env_build_alias_set=
ac_cv_env_build_alias_value=
ac_cv_env_host_alias_set=
ac_cv_env_host_alias_value=
ac_cv_env_target_alias_set=
ac_cv_env_target_alias_value=
ac_cv_header_dlfcn_h=yes
ac_cv_header_inttypes_h=yes
ac_cv_header_memory_h=yes
ac_cv_header_minix_config_h=no
ac_cv_header_stdc=yes
ac_cv_header_stdint_h=yes
ac_cv_header_stdlib_h=yes
ac_cv_header_string_h=yes
ac_cv_header_strings_h=yes
ac_cv_header_sys_stat_h=yes
ac_cv_header_sys_types_h=yes
ac_cv_header_unistd_h=yes
ac_cv_host=x86_64-pc-linux-gnu
ac_cv_lib_m_cos=yes
ac_cv_objext=o
ac_cv_path_EGREP='/bin/grep -E'
ac_cv_path_FGREP='/bin/grep -F'
ac_cv_path_GREP=/bin/grep
ac_cv_path_SED=/bin/sed
ac_cv_path_install='/usr/bin/install -c'
ac_cv_path_lt_DD=/bin/dd
ac_cv_path_mkdir=/bin/mkdir
ac_cv_prog_AWK=gawk
ac_cv_prog_CPP='gcc -E'
ac_cv_prog_HAVE_DOT=yes
ac_cv_prog_HAVE_DOXYGEN=no
ac_cv_prog_ac_ct_AR=ar
ac_cv_prog_ac_ct_CC=gcc
ac_cv_prog_ac_ct_MANIFEST_TOOL=mt
ac_cv_prog_ac_ct_OBJDUMP=objdump
ac_cv_prog_ac_ct_RANLIB=ranlib
ac_cv_prog_ac_ct_STRIP=strip
ac_cv_prog_cc_c89=
ac_cv_prog_cc_g=yes
ac_cv_prog_make_make_set=yes
ac_cv_safe_to_define___extensions__=yes
ac_cv_sys_file_offset_bits=no
ac_cv_sys_largefile_CC=no
am_cv_CC_dependencies_compiler_type=gcc3
am_cv_make_support_nested_variables=yes
am_cv_prog_cc_c_o=yes
cc_cv_attribute_visibility_default=yes
cc_cv_cflags__Wall=yes
cc_cv_cflags__Werror=yes
cc_cv_cflags__Wextra=yes
cc_cv_cflags__Wno_long_long=yes
cc_cv_cflags__Wno_parentheses=yes
cc_cv_cflags__Wno_sign_compare=yes
cc_cv_cflags__fvisibility_hidden=yes
cc_cv_cflags__pedantic=yes
cc_cv_flag_visibility=yes
cc_cv_werror=-Werror
lt_cv_ar_at_file=@
lt_cv_archive_cmds_need_lc=no
lt_cv_deplibs_check_method=pass_all
lt_cv_file_magic_cmd='$MAGIC_CMD'
lt_cv_file_magic_test_file=
lt_cv_ld_reload_flag=-r
lt_cv_nm_interface='BSD nm'
lt_cv_objdir=.libs
lt_cv_path_LD=/usr/bin/ld
lt_cv_path_NM='/usr/bin/nm -B'
lt_cv_path_mainfest_tool=no
lt_cv_prog_compiler_c_o=yes
lt_cv_prog_compiler_pic='-fPIC -DPIC'
lt_cv_prog_compiler_pic_works=yes
lt_cv_prog_compiler_rtti_exceptions=no
lt_cv_prog_compiler_static_works=yes
lt_cv_prog_gnu_ld=yes
lt_cv_sharedlib_from_linklib_cmd='printf %s\n'
lt_cv_shlibpath_overrides_runpath=no
lt_cv_sys_global_symbol_pipe='sed -n -e '\''s/^.*[	 ]\([ABCDGIRSTW][ABCDGIRSTW]*\)[	 ][	 ]*\([_A-Za-z][_A-Za-z0-9]*\)$/\1 \2 \2/p'\'' | sed '\''/ __gnu_lto/d'\'''
lt_cv_sys_global_symbol_to_c_name_address='sed -n -e '\''s/^: \(.*\) .*$/  {"\1", (void *) 0},/p'\'' -e '\''s/^[ABCDGIRSTW][ABCDGIRSTW]* .* \(.*\)$/  {"\1", (void *) \&\1},/p'\'''
lt_cv_sys_global_symbol_to_c_name_address_lib_prefix='sed -n -e '\''s/^: \(.*\) .*$/  {"\1", (void *) 0},/p'\'' -e '\''s/^[ABCDGIRSTW][ABCDGIRSTW]* .* \(lib.*\)$/  {"\1", (void *) \&\1},/p'\'' -e '\''s/^[ABCDGIRSTW][ABCDGIRSTW]* .* \(.*\)$/  {"lib\1", (void *) \&\1},/p'\'''
lt_cv_sys_global_symbol_to_cdecl='sed -n -e '\''s/^T .* \(.*\)$/extern int \1();/p'\'' -e '\''s/^[ABCDGIRSTW][ABCDGIRSTW]* .* \(.*\)$/extern char \1;/p'\'''
lt_cv_sys_global_symbol_to_import=
lt_cv_sys_max_cmd_len=1572864
lt_cv_to_host_file_cmd=func_convert_file_noop
lt_cv_to_tool_file_cmd=func_convert_file_noop
lt_cv_truncate_bin='/bin/dd bs=4096 count=1'

## ----------------- ##
## Output variables. ##
## ----------------- ##

ACLOCAL='${SHELL} /fast2/xyb/LPCNet/missing aclocal-1.15'
AMDEPBACKSLASH='\'
AMDEP_FALSE='#'
AMDEP_TRUE=''
AMTAR='$${TAR-tar}'
AM_BACKSLASH='\'
AM_DEFAULT_V='$(AM_DEFAULT_VERBOSITY)'
AM_DEFAULT_VERBOSITY='0'
AM_V='$(V)'
AR='ar'
AUTOCONF='${SHELL} /fast2/xyb/LPCNet/missing autoconf'
AUTOHEADER='${SHELL} /fast2/xyb/LPCNet/missing autoheader'
AUTOMAKE='${SHELL} /fast2/xyb/LPCNet/missing automake-1.15'
AWK='gawk'
CC='gcc'
CCDEPMODE='depmode=gcc3'
CFLAGS='-O3 -g -mavx2 -mfma -pedantic -Wall -Wextra -Wno-sign-compare -Wno-parentheses -Wno-long-long -fvisibility=hidden'
CPP='gcc -E'
CPPFLAGS=''
CYGPATH_W='echo'
DEFS='-DHAVE_CONFIG_H'
DEPDIR='.deps'
DLLTOOL='false'
DSYMUTIL=''
DUMPBIN=''
ECHO_C=''
ECHO_N='-n'
ECHO_T=''
EGREP='/bin/grep -E'
EXEEXT=''
FGREP='/bin/grep -F'
GREP='/bin/grep'
HAVE_DOT='yes'
HAVE_DOXYGEN='no'
HAVE_DOXYGEN_FALSE=''
HAVE_DOXYGEN_TRUE='#'
INSTALL_DATA='${INSTALL} -m 644'
INSTALL_PROGRAM='${INSTALL}'
INSTALL_SCRIPT='${INSTALL}'
INSTALL_STRIP_PROGRAM='$(install_sh) -c -s'
LD='/usr/bin/ld -m elf_x86_64'
LDFLAGS=''
LIBM='-lm'
LIBOBJS=''
LIBS=''
LIBTOOL='$(SHELL) $(top_builddir)/libtool'
LIPO=''
LN_S='ln -s'
LTLIBOBJS=''
LT_SYS_LIBRARY_PATH=''
MAINT=''
MAINTAINER_MODE_FALSE='#'
MAINTAINER_MODE_TRUE=''
MAKEINFO='${SHELL} /fast2/xyb/LPCNet/missing makeinfo'
MANIFEST_TOOL=':'
MKDIR_P='/bin/mkdir -p'
NM='/usr/bin/nm -B'
NMEDIT=''
OBJDUMP='objdump'
OBJEXT='o'
OP_LT_AGE='0'
OP_LT_CURRENT='0'
OP_LT_REVISION='0'
OP_WIN32_FALSE=''
OP_WIN32_TRUE='#'
OTOOL64=''
OTOOL=''
PACKAGE='lpcnet'
PACKAGE_BUGREPORT='jmvalin@jmvalin.ca'
PACKAGE_NAME='lpcnet'
PACKAGE_STRING='lpcnet 0.1-5-g3a7ef33'
PACKAGE_TARNAME='lpcnet'
PACKAGE_URL=''
PACKAGE_VERSION='0.1-5-g3a7ef33'
PATH_SEPARATOR=':'
RANLIB='ranlib'
SED='/bin/sed'
SET_MAKE=''
SHELL='/bin/bash'
STRIP='strip'
VERSION='0.1-5-g3a7ef33'
ac_ct_AR='ar'
ac_ct_CC='gcc'
ac_ct_DUMPBIN=''
am__EXEEXT_FALSE=''
am__EXEEXT_TRUE='#'
am__fastdepCC_FALSE='#'
am__fastdepCC_TRUE=''
am__include='include'
am__isrc=''
am__leading_dot='.'
am__nodep='_no'
am__quote=''
am__tar='$${TAR-tar} chof - "$$tardir"'
am__untar='$${TAR-tar} xf -'
bindir='${exec_prefix}/bin'
build='x86_64-pc-linux-gnu'
build_alias=''
build_cpu='x86_64'
build_os='linux-gnu'
build_vendor='pc'
datadir='${datarootdir}'
datarootdir='${prefix}/share'
docdir='${datarootdir}/doc/${PACKAGE_TARNAME}'
dvidir='${docdir}'
exec_prefix='${prefix}'
host='x86_64-pc-linux-gnu'
host_alias=''
host_cpu='x86_64'
host_os='linux-gnu'
host_vendor='pc'
htmldir='${docdir}'
includedir='${prefix}/include'
infodir='${datarootdir}/info'
install_sh='${SHELL} /fast2/xyb/LPCNet/install-sh'
libdir='${exec_prefix}/lib'
libexecdir='${exec_prefix}/libexec'
localedir='${datarootdir}/locale'
localstatedir='${prefix}/var'
lrintf_lib=''
mandir='${datarootdir}/man'
mkdir_p='$(MKDIR_P)'
oldincludedir='/usr/include'
pdfdir='${docdir}'
prefix='/usr/local'
program_transform_name='s,x,x,'
psdir='${docdir}'
runstatedir='${localstatedir}/run'
sbindir='${exec_prefix}/sbin'
sharedstatedir='${prefix}/com'
sysconfdir='${prefix}/etc'
target_alias=''

## ----------- ##
## confdefs.h. ##
## ----------- ##

/* confdefs.h */
#define PACKAGE_NAME "lpcnet"
#define PACKAGE_TARNAME "lpcnet"
#define PACKAGE_VERSION "0.1-5-g3a7ef33"
#define PACKAGE_STRING "lpcnet 0.1-5-g3a7ef33"
#define PACKAGE_BUGREPORT "jmvalin@jmvalin.ca"
#define PACKAGE_URL ""
#define STDC_HEADERS 1
#define HAVE_SYS_TYPES_H 1
#define HAVE_SYS_STAT_H 1
#define HAVE_STDLIB_H 1
#define HAVE_STRING_H 1
#define HAVE_MEMORY_H 1
#define HAVE_STRINGS_H 1
#define HAVE_INTTYPES_H 1
#define HAVE_STDINT_H 1
#define HAVE_UNISTD_H 1
#define __EXTENSIONS__ 1
#define _ALL_SOURCE 1
#define _GNU_SOURCE 1
#define _POSIX_PTHREAD_SEMANTICS 1
#define _TANDEM_SOURCE 1
#define HAVE_DLFCN_H 1
#define LT_OBJDIR ".libs/"
#define LPCNET_BUILD /**/
#define SUPPORT_ATTRIBUTE_VISIBILITY_DEFAULT 1
#define SUPPORT_FLAG_VISIBILITY 1

configure: exit 0
